<?xml version="1.0" encoding="UTF-8"?>
<!-- Generated by org.testng.reporters.JUnitReportReporter -->
<testsuite hostname="01DTP0099" name="com.investors.testcases.StockListTest" tests="1" failures="0" timestamp="1 Mar 2016 08:07:08 GMT" time="74.574" errors="0">
  <testcase name="stocklist_tc" time="74.574" classname="com.investors.testcases.StockListTest"/>
</testsuite> <!-- com.investors.testcases.StockListTest -->
