<?xml version="1.0" encoding="UTF-8"?>
<!-- Generated by org.testng.reporters.JUnitReportReporter -->
<testsuite hostname="01DTP0099" name="com.investors.testcases.LeaderBoardTest" tests="1" failures="0" timestamp="7 Mar 2016 10:11:36 GMT" time="139.668" errors="0">
  <testcase name="verifyLeaderBoardPerformence_tc" time="139.668" classname="com.investors.testcases.LeaderBoardTest"/>
</testsuite> <!-- com.investors.testcases.LeaderBoardTest -->
