<?xml version="1.0" encoding="UTF-8"?>
<!-- Generated by org.testng.reporters.JUnitReportReporter -->
<testsuite hostname="01DTP0099" name="com.investors.testcases.RecentIssuesTest" tests="1" failures="0" timestamp="11 Mar 2016 07:38:23 GMT" time="126.711" errors="0">
  <testcase name="verifyRecentIssues_tc" time="126.711" classname="com.investors.testcases.RecentIssuesTest"/>
</testsuite> <!-- com.investors.testcases.RecentIssuesTest -->
