<?xml version="1.0" encoding="UTF-8"?>
<!-- Generated by org.testng.reporters.JUnitReportReporter -->
<testsuite hostname="01DTP0099" name="com.investors.testcases.MarketTrandTest" tests="2" failures="0" timestamp="4 Mar 2016 06:31:50 GMT" time="304.654" errors="0">
  <testcase name="verifyBigPictureLink_tc" time="125.864" classname="com.investors.testcases.MarketTrandTest"/>
  <testcase name="verifyReptintText_tc" time="178.790" classname="com.investors.testcases.MarketTrandTest"/>
</testsuite> <!-- com.investors.testcases.MarketTrandTest -->
