<?xml version="1.0" encoding="UTF-8"?>
<!-- Generated by org.testng.reporters.JUnitReportReporter -->
<testsuite hostname="01DTP0099" name="com.investors.testcases.ResearchTest" tests="2" failures="0" timestamp="4 Mar 2016 07:49:02 GMT" time="373.622" errors="0">
  <testcase name="ibdcheckboingtext_tc" time="180.680" classname="com.investors.testcases.ResearchTest"/>
  <testcase name="ibdStockCheckUp_tc" time="192.942" classname="com.investors.testcases.ResearchTest"/>
</testsuite> <!-- com.investors.testcases.ResearchTest -->
